**********************SUPRESSION****************************************
Suppression de la table secteur

Table supprimée.

Suppression de la table utilisateur

Table supprimée.

Suppression de la table publications

Table supprimée.

Suppression de la table besoins_realiser_id

Table supprimée.

Suppression de la table besion

Table supprimée.

Suppression de la table candidature

Table supprimée.

Supression de la table liste_secteurs

Table supprimée.

Suppression de la table  recommandation

Table supprimée.

************************CREATION***********************
Creating table secteurs

Table créée.

Creating table recommendations

Table créée.

Creating table utilisateurs

Table créée.

Creating table besoins

Table créée.

Creating table candidatures

Table créée.

Creating table publications

Table créée.

Creating table besoins_realise

Table créée.

Creating table liste_secteurs

Table créée.

Setting PRIMARY KEYS
Ajout de la cle primaire de la table secteur

Table modifiée.

Ajout de la cle primaire de la table recommandation

Table modifiée.

Ajout de la cle primaire de la table utilisateur

Table modifiée.

Ajout de la cle primaire de la table besion

Table modifiée.

Ajout de la cle primaire de la table candidature

Table modifiée.

Ajout de la cle primaire de la table publication

Table modifiée.

Ajout de la cle primaire de la table besoin_realiser

Table modifiée.

Ajout de la cle primaire de la table Liste secteur

Table modifiée.

Cle etrangere de la table besoin

Table modifiée.


Table modifiée.

creation des cles etrangeres de la candidature

Table modifiée.


Table modifiée.


Table modifiée.

Creating table liste_secteurs

Table modifiée.


Table modifiée.

Creating des cle etrangere de la table publication

Table modifiée.

Creatiion des cles etrangere de la table recommandation

Table modifiée.

Creation des contraints unique  recommendations

Table modifiée.


Table modifiée.

Creation des contraints unique utilisateurs

Table modifiée.


Table modifiée.


Table modifiée.

Creation contraint sur utilisateur.statut

Table modifiée.


Table modifiée.

Creating table recommendations

Table modifiée.


Table modifiée.

Creating table candidatures

Table modifiée.

Creating table besoins_realise

Table modifiée.

Creating table besoins

Table modifiée.

Creating indexes

Index créé.


Index créé.


Index créé.


Index créé.


Index créé.


Index créé.


Index créé.


Index créé.

************************Suppression des sequence***********************
suppression de la sequence

Séquence supprimée.

suppression de la sequence

Séquence supprimée.

suppression de la sequence

Séquence supprimée.

suppression de la sequence

Séquence supprimée.

suppression de la sequence

Séquence supprimée.

suppression de la sequence

Séquence supprimée.

suppression de la sequence

Séquence supprimée.

************************Creation des sequence***********************
Creation de la id_auto_increment de la table recommandations

Séquence créée.

Creation de la id_auto_increment de la table utilisateurs

Séquence créée.

Creation de la id_auto_increment de la table besion

Séquence créée.

Creation de la id_auto_increment de la table candidature

Séquence créée.

Creation de la id_auto_increment de la table publication

Séquence créée.

Creation de la id_auto_increment de la table besion_realiser

Séquence créée.

Creation de la id_auto_increment de la table liste_secteur

Séquence créée.

************************Insertion des commentairee***********************
creating comments secteur by CHIEMO WANDJI

Commentaire créé.


Commentaire créé.


Commentaire créé.


Commentaire créé.


Commentaire créé.

creating comments RECOMMANDATION by CHIEMO WANDJI

Commentaire créé.


Commentaire créé.


Commentaire créé.


Commentaire créé.


Commentaire créé.


Commentaire créé.


Commentaire créé.


Commentaire créé.

creating comments users by CHIEMO WANDJI

Commentaire créé.


Commentaire créé.


Commentaire créé.


Commentaire créé.


Commentaire créé.


Commentaire créé.


Commentaire créé.


Commentaire créé.

creating comments BESOIN by CHIEMO WANDJI

Commentaire créé.


Commentaire créé.


Commentaire créé.


Commentaire créé.


Commentaire créé.


Commentaire créé.

creating comments CANDIDATURE by CHIEMO WANDJI

Commentaire créé.


Commentaire créé.


Commentaire créé.


Commentaire créé.


Commentaire créé.


Commentaire créé.

creating comments PUBLICATION by CHIEMO WANDJI

Commentaire créé.


Commentaire créé.


Commentaire créé.


Commentaire créé.


Commentaire créé.


Commentaire créé.


Commentaire créé.


Commentaire créé.


Commentaire créé.

creating comments besoin_realise by CHIEMO WANDJI

Commentaire créé.


Commentaire créé.


Commentaire créé.


Commentaire créé.


Commentaire créé.

creating comments liste_secteur by CHIEMO WANDJI

Commentaire créé.


Commentaire créé.


Commentaire créé.


Commentaire créé.


Commentaire créé.

************************INSERTION***********************
INSERTING into UTILISATEURS

Procédure PL/SQL terminée avec succès.

INSERTING into SECTEURS

Procédure PL/SQL terminée avec succès.

INSERTING into recommendations

Procédure PL/SQL terminée avec succès.

INSERTING into besoin

Procédure PL/SQL terminée avec succès.

INSERTING IN PUBLICATION

Procédure PL/SQL terminée avec succès.

inserting table liste_Secteur

Procédure PL/SQL terminée avec succès.

inserting candidature

Procédure PL/SQL terminée avec succès.


'                                  ---------------------------------------------------------------------------------------------------------                         '
'                                  |                                                                                                       |                         '
'                                  |                                                                                                       |                         '
'                                  |                                         Please make a selection:                                      |                         '
'                                  |                   ********************************************************************                |                         '
'                                  |                   *                                                                  *                |                         '
'                                  |                   *                                                                  *                |                         '
'                                  |                   *                    1.Incription                                  *                |                         '
'                                  |                   *                    2.Connexion                                   *                |                         '
'                                  |                   *                    3.Quitter                                     *                |                         '
'                                  |                   *                                                                  *                |                         '
'                                  |                   ********************************************************************                |                         '
'                                  |                                                                                                       |                         '
'                                  |                                                                                                       |                         '
'                                  ---------------------------------------------------------------------------------------------------------                         '
Choisisez une option 1-3: 2
ancien   1 : select case '&selection.'
nouveau   1 : select case '2'

SCRIPT                                                                                                                                                                                                                                                                                                      
-----------------------------                                                                                                                                                                                                                                                                               
@PLSQL/connexion                                                                                                                                                                                                                                                                                            


'                                  ---------------------------------------------------------------------------------------------------------                         '
'                                  |                                                                                                       |                         '
'                                  |                                                                                                       |                         '
'                                  |                   ********************************************************************                |                         '
'                                  |                   *   VEILLEZ RESEINGNER LES INFOS NECESSAIRE A VOTRE INSCRIPTION    *                |                         '
'                                  |                   ********************************************************************                |                         '
'                                  |                                                                                                       |                         '
'                                  |                                                                                                       |                         '
'                                  ---------------------------------------------------------------------------------------------------------                         '
Entrez une valeur pour votre_adresse_mail : sanguojoseph5@gmail.com
Entrez une valeur pour votre_mot_de_passe : admin
ancien   2 :        when (select count(nom) from utilisateurs where email ='&&Votre_adresse_mail' and mot_de_passe = '&&Votre_mot_de_passe') >= 1 then '@PLSQL/home'
nouveau   2 :        when (select count(nom) from utilisateurs where email ='sanguojoseph5@gmail.com' and mot_de_passe = 'admin') >= 1 then '@PLSQL/home'

SCRIPT                                                                                                                                                                                                                                                                                                      
---------------                                                                                                                                                                                                                                                                                             
@PLSQL/home                                                                                                                                                                                                                                                                                                 


'                                  ---------------------------------------------------------------------------------------------------------                         '
'                                  |                                                                                                       |                         '
'                                  |                                                                                                       |                         '
'                                  |                                         Please make a selection:                                      |                         '
'                                  |                   ********************************************************************                |                         '
'                                  |                   *                                                                  *                |                         '
'                                  |                   *                    1: Mon compte                                 *                |                         '
'                                  |                   *                    2: Recommendation                             *                |                         '
'                                  |                   *                    3: Besoins                                    *                |                         '
'                                  |                   *                    4: Candidature                                *                |                         '
'                                  |                   *                    5: Publication                                *                |                         '
'                                  |                   *                    6: Quitter                                    *                |                         '
'                                  |                   *                                                                  *                |                         '
'                                  |                   ********************************************************************                |                         '
'                                  |                                                                                                       |                         '
'                                  |                                                                                                       |                         '
'                                  ---------------------------------------------------------------------------------------------------------                         '
Enter option 1-6: 3
ancien   1 : select case '&selection.'
nouveau   1 : select case '3'

SCRIPT                                                                                                                                                                                                                                                                                                      
-----------------------------                                                                                                                                                                                                                                                                               
PLSQL/Besoin/home.sql                                                                                                                                                                                                                                                                                       


'                                  ---------------------------------------------------------------------------------------------------------                         '
'                                  |                                                                                                       |                         '
'                                  |                                                                                                       |                         '
'                                  |                                          Please make a selection:                                     |                         '
'                                  |                   ********************************************************************                |                         '
'                                  |                   *                                                                  *                |                         '
'                                  |                   *                    1: Liste des besoins                          *                |                         '
'                                  |                   *                    2: Ajouter un besoin                          *                |                         '
'                                  |                   *                    3: Modifier un besoin                         *                |                         '
'                                  |                   *                    4: Suprimer un besoin                         *                |                         '
'                                  |                   *                    5: Publier un besion                          *                |                         '
'                                  |                   *                    6: Precedent                                  *                |                         '
'                                  |                   *                     0: Quitter                                   *                |                         '
'                                  |                   *                                                                  *                |                         '
'                                  |                   ********************************************************************                |                         '
'                                  |                                                                                                       |                         '
'                                  |                                                                                                       |                         '
'                                  |--------------------------------------------------------------------------------------------------------                         '
Enter option 0-6: 2
ancien   1 : select case '&selection.'
nouveau   1 : select case '2'

SCRIPT                                                                                                                                                                                                                                                                                                      
----------------------------                                                                                                                                                                                                                                                                                
FEATURES/besoin/New.sql                                                                                                                                                                                                                                                                                     

Entrez une valeur pour paiement_par : Mois
ancien   2 : v_paiment_par     varchar(50) := UPPER('&paiement_par');
nouveau   2 : v_paiment_par     varchar(50) := UPPER('Mois');
Entrez une valeur pour localisation : Logpom
ancien   3 : v_localisation    varchar(50) := '&Localisation';
nouveau   3 : v_localisation    varchar(50) := 'Logpom';
Entrez une valeur pour secteur : Plomberie
ancien   6 : VALUES (besion_sequence.NEXTVAL, v_paiment_par , v_localisation, (select user_id from utilisateurs where email = '&Votre_adresse_mail'), UPPER(SUBSTR('&secteur',1,5)));
nouveau   6 : VALUES (besion_sequence.NEXTVAL, v_paiment_par , v_localisation, (select user_id from utilisateurs where email = 'sanguojoseph5@gmail.com'), UPPER(SUBSTR('Plomberie',1,5)));

Procédure PL/SQL terminée avec succès.

'                                  ---------------------------------------------------------------------------------------------------------                         '
'                                  |                                                                                                       |                         '
'                                  |                                                                                                       |                         '
'                                  |                                         Please make a selection:                                      |                         '
'                                  |                   ********************************************************************                |                         '
'                                  |                   *                    1: Precedent                                  *                |                         '
'                                  |                   *                    0: Quitter                                    *                |                         '
'                                  |                   *                                                                  *                |                         '
'                                  |                   ********************************************************************                |                         '
'                                  |                                                                                                       |                         '
'                                  |                                                                                                       |                         '
'                                  ---------------------------------------------------------------------------------------------------------                         '
Enter option 0-1: 1
ancien   1 : select case '&selection.'
nouveau   1 : select case '1'

SCRIPT                                                                                                                                                                                                                                                                                                      
---------------------                                                                                                                                                                                                                                                                                       
PLSQL/Besoin/home.sql                                                                                                                                                                                                                                                                                       


'                                  ---------------------------------------------------------------------------------------------------------                         '
'                                  |                                                                                                       |                         '
'                                  |                                                                                                       |                         '
'                                  |                                          Please make a selection:                                     |                         '
'                                  |                   ********************************************************************                |                         '
'                                  |                   *                                                                  *                |                         '
'                                  |                   *                    1: Liste des besoins                          *                |                         '
'                                  |                   *                    2: Ajouter un besoin                          *                |                         '
'                                  |                   *                    3: Modifier un besoin                         *                |                         '
'                                  |                   *                    4: Suprimer un besoin                         *                |                         '
'                                  |                   *                    5: Publier un besion                          *                |                         '
'                                  |                   *                    6: Precedent                                  *                |                         '
'                                  |                   *                     0: Quitter                                   *                |                         '
'                                  |                   *                                                                  *                |                         '
'                                  |                   ********************************************************************                |                         '
'                                  |                                                                                                       |                         '
'                                  |                                                                                                       |                         '
'                                  |--------------------------------------------------------------------------------------------------------                         '
Enter option 0-6: 1
ancien   1 : select case '&selection.'
nouveau   1 : select case '1'

SCRIPT                                                                                                                                                                                                                                                                                                      
----------------------------                                                                                                                                                                                                                                                                                
FEATURES/besoin/Select.sql                                                                                                                                                                                                                                                                                  


 BESOIN_ID PAIEMENT_P LOCALISATION       USER_ID SECTE                                                                                                                                                                                                                                                      
---------- ---------- --------------- ---------- -----                                                                                                                                                                                                                                                      
         1 MOIS       Douala                   1 DOMES                                                                                                                                                                                                                                                      
         2 JOUR       Douala                   2 INTER                                                                                                                                                                                                                                                      
         3 JOUR       Yaounde                  3 TECHN                                                                                                                                                                                                                                                      
         4 SEMAINE    Yaounde                  4 DOMES                                                                                                                                                                                                                                                      
         5 MOIS       Buea                     5 DOMES                                                                                                                                                                                                                                                      
         6 MOIS       Bafoussam                6 JARDI                                                                                                                                                                                                                                                      
         7 SEMAINE    Bamenda                  7 BATIM                                                                                                                                                                                                                                                      
         8 JOUR       Yaounde                  9 PLOMB                                                                                                                                                                                                                                                      
         9 SEMAINE    Bafan                   10 COUTU                                                                                                                                                                                                                                                      
        10 JOUR       Douala                  11 SECUR                                                                                                                                                                                                                                                      
        11 JOUR       Yaounde                 12 TECHN                                                                                                                                                                                                                                                      

 BESOIN_ID PAIEMENT_P LOCALISATION       USER_ID SECTE                                                                                                                                                                                                                                                      
---------- ---------- --------------- ---------- -----                                                                                                                                                                                                                                                      
        12 SEMAINE    Bafan                    3 SECUR                                                                                                                                                                                                                                                      
        13 JOUR       Edea                     6 INTER                                                                                                                                                                                                                                                      
        14 JOUR       Douala                   5 TECHN                                                                                                                                                                                                                                                      
        15 MOIS       Yaounde                  1 DOMES                                                                                                                                                                                                                                                      
        16 JOUR       Yaounde                  7 COUTU                                                                                                                                                                                                                                                      
        17 SEMAINE    Foumban                  4 EDUCA                                                                                                                                                                                                                                                      
        18 SEMAINE    Douala                   9 ELECT                                                                                                                                                                                                                                                      
        19 JOUR       Edea                     2 FROID                                                                                                                                                                                                                                                      
        20 JOUR       Yaounde                  1 RESTA                                                                                                                                                                                                                                                      
        21 JOUR       Yaounde                 11 DESIN                                                                                                                                                                                                                                                      
        23 SEMAINE    Bamenda                  8 EDUCA                                                                                                                                                                                                                                                      

 BESOIN_ID PAIEMENT_P LOCALISATION       USER_ID SECTE                                                                                                                                                                                                                                                      
---------- ---------- --------------- ---------- -----                                                                                                                                                                                                                                                      
        24 SEMAINE    Douala                  10 CONDU                                                                                                                                                                                                                                                      
        25 SEMAINE    Bafia                    5 FROID                                                                                                                                                                                                                                                      
        26 JOUR       Edea                     3 DOMES                                                                                                                                                                                                                                                      
        27 JOUR       Bamenda                  6 DOMES                                                                                                                                                                                                                                                      
        28 SEMAINE    Bafan                   11 PLOMB                                                                                                                                                                                                                                                      
        29 MOIS       Douala                  12 DOMES                                                                                                                                                                                                                                                      
        30 MOIS       Yaounde                  1 DOMES                                                                                                                                                                                                                                                      
       100 MOIS       Logpom                   1 PLOMB                                                                                                                                                                                                                                                      

30 lignes sélectionnées.


'                                  ---------------------------------------------------------------------------------------------------------                         '
'                                  |                                                                                                       |                         '
'                                  |                                                                                                       |                         '
'                                  |                                          Please make a selection:                                     |                         '
'                                  |                   ********************************************************************                |                         '
'                                  |                   *                                                                  *                |                         '
'                                  |                   *                    1: Liste des besoins                          *                |                         '
'                                  |                   *                    2: Ajouter un besoin                          *                |                         '
'                                  |                   *                    3: Modifier un besoin                         *                |                         '
'                                  |                   *                    4: Suprimer un besoin                         *                |                         '
'                                  |                   *                    5: Publier un besion                          *                |                         '
'                                  |                   *                    6: Precedent                                  *                |                         '
'                                  |                   *                     0: Quitter                                   *                |                         '
'                                  |                   *                                                                  *                |                         '
'                                  |                   ********************************************************************                |                         '
'                                  |                                                                                                       |                         '
'                                  |                                                                                                       |                         '
'                                  |--------------------------------------------------------------------------------------------------------                         '
Enter option 0-6: 1
ancien   1 : select case '&selection.'
nouveau   1 : select case '1'

SCRIPT                                                                                                                                                                                                                                                                                                      
----------------------------                                                                                                                                                                                                                                                                                
FEATURES/besoin/Select.sql                                                                                                                                                                                                                                                                                  


 BESOIN_ID PAIEMENT_P LOCALISATION       USER_ID SECTE                                                                                                                                                                                                                                                      
---------- ---------- --------------- ---------- -----                                                                                                                                                                                                                                                      
         1 MOIS       Douala                   1 DOMES                                                                                                                                                                                                                                                      
         2 JOUR       Douala                   2 INTER                                                                                                                                                                                                                                                      
         3 JOUR       Yaounde                  3 TECHN                                                                                                                                                                                                                                                      
         4 SEMAINE    Yaounde                  4 DOMES                                                                                                                                                                                                                                                      
         5 MOIS       Buea                     5 DOMES                                                                                                                                                                                                                                                      
         6 MOIS       Bafoussam                6 JARDI                                                                                                                                                                                                                                                      
         7 SEMAINE    Bamenda                  7 BATIM                                                                                                                                                                                                                                                      
         8 JOUR       Yaounde                  9 PLOMB                                                                                                                                                                                                                                                      
         9 SEMAINE    Bafan                   10 COUTU                                                                                                                                                                                                                                                      
        10 JOUR       Douala                  11 SECUR                                                                                                                                                                                                                                                      
        11 JOUR       Yaounde                 12 TECHN                                                                                                                                                                                                                                                      

 BESOIN_ID PAIEMENT_P LOCALISATION       USER_ID SECTE                                                                                                                                                                                                                                                      
---------- ---------- --------------- ---------- -----                                                                                                                                                                                                                                                      
        12 SEMAINE    Bafan                    3 SECUR                                                                                                                                                                                                                                                      
        13 JOUR       Edea                     6 INTER                                                                                                                                                                                                                                                      
        14 JOUR       Douala                   5 TECHN                                                                                                                                                                                                                                                      
        15 MOIS       Yaounde                  1 DOMES                                                                                                                                                                                                                                                      
        16 JOUR       Yaounde                  7 COUTU                                                                                                                                                                                                                                                      
        17 SEMAINE    Foumban                  4 EDUCA                                                                                                                                                                                                                                                      
        18 SEMAINE    Douala                   9 ELECT                                                                                                                                                                                                                                                      
        19 JOUR       Edea                     2 FROID                                                                                                                                                                                                                                                      
        20 JOUR       Yaounde                  1 RESTA                                                                                                                                                                                                                                                      
        21 JOUR       Yaounde                 11 DESIN                                                                                                                                                                                                                                                      
        23 SEMAINE    Bamenda                  8 EDUCA                                                                                                                                                                                                                                                      

 BESOIN_ID PAIEMENT_P LOCALISATION       USER_ID SECTE                                                                                                                                                                                                                                                      
---------- ---------- --------------- ---------- -----                                                                                                                                                                                                                                                      
        24 SEMAINE    Douala                  10 CONDU                                                                                                                                                                                                                                                      
        25 SEMAINE    Bafia                    5 FROID                                                                                                                                                                                                                                                      
        26 JOUR       Edea                     3 DOMES                                                                                                                                                                                                                                                      
        27 JOUR       Bamenda                  6 DOMES                                                                                                                                                                                                                                                      
        28 SEMAINE    Bafan                   11 PLOMB                                                                                                                                                                                                                                                      
        29 MOIS       Douala                  12 DOMES                                                                                                                                                                                                                                                      
        30 MOIS       Yaounde                  1 DOMES                                                                                                                                                                                                                                                      
       100 MOIS       Logpom                   1 PLOMB                                                                                                                                                                                                                                                      

30 lignes sélectionnées.

'                                  ---------------------------------------------------------------------------------------------------------                         '
'                                  |                                                                                                       |                         '
'                                  |                                                                                                       |                         '
'                                  |                                         Please make a selection:                                      |                         '
'                                  |                   ********************************************************************                |                         '
'                                  |                   *                    1: Precedent                                  *                |                         '
'                                  |                   *                    0: Quitter                                    *                |                         '
'                                  |                   *                                                                  *                |                         '
'                                  |                   ********************************************************************                |                         '
'                                  |                                                                                                       |                         '
'                                  |                                                                                                       |                         '
'                                  ---------------------------------------------------------------------------------------------------------                         '
Enter option 0-1: 1
ancien   1 : select case '&selection.'
nouveau   1 : select case '1'

SCRIPT                                                                                                                                                                                                                                                                                                      
---------------------                                                                                                                                                                                                                                                                                       
PLSQL/Besoin/home.sql                                                                                                                                                                                                                                                                                       


'                                  ---------------------------------------------------------------------------------------------------------                         '
'                                  |                                                                                                       |                         '
'                                  |                                                                                                       |                         '
'                                  |                                          Please make a selection:                                     |                         '
'                                  |                   ********************************************************************                |                         '
'                                  |                   *                                                                  *                |                         '
'                                  |                   *                    1: Liste de mes besoins                       *                |                         '
'                                  |                   *                    2: Ajouter un besoin                          *                |                         '
'                                  |                   *                    3: Modifier un besoin                         *                |                         '
'                                  |                   *                    4: Suprimer un besoin                         *                |                         '
'                                  |                   *                    5: Publier un besion                          *                |                         '
'                                  |                   *                    6: Precedent                                  *                |                         '
'                                  |                   *                     0: Quitter                                   *                |                         '
'                                  |                   *                                                                  *                |                         '
'                                  |                   ********************************************************************                |                         '
'                                  |                                                                                                       |                         '
'                                  |                                                                                                       |                         '
'                                  |--------------------------------------------------------------------------------------------------------                         '
Enter option 0-6: 1
ancien   1 : select case '&selection.'
nouveau   1 : select case '1'

SCRIPT                                                                                                                                                                                                                                                                                                      
----------------------------                                                                                                                                                                                                                                                                                
FEATURES/besoin/List.sql                                                                                                                                                                                                                                                                                    


ancien   2 : WHERE user_id = (select user_id from utilisateurs where email = '&Votre_adresse_mail' and mot_de_passe = '&Votre_mot_de_passe')
nouveau   2 : WHERE user_id = (select user_id from utilisateurs where email = 'sanguojoseph5@gmail.com' and mot_de_passe = 'admin')

 BESOIN_ID PAIEMENT_P LOCALISATION       USER_ID SECTE                                                                                                                                                                                                                                                      
---------- ---------- --------------- ---------- -----                                                                                                                                                                                                                                                      
         1 MOIS       Douala                   1 DOMES                                                                                                                                                                                                                                                      
        15 MOIS       Yaounde                  1 DOMES                                                                                                                                                                                                                                                      
        20 JOUR       Yaounde                  1 RESTA                                                                                                                                                                                                                                                      
        30 MOIS       Yaounde                  1 DOMES                                                                                                                                                                                                                                                      
       100 MOIS       Logpom                   1 PLOMB                                                                                                                                                                                                                                                      

'                                  ---------------------------------------------------------------------------------------------------------                         '
'                                  |                                                                                                       |                         '
'                                  |                                                                                                       |                         '
'                                  |                                         Please make a selection:                                      |                         '
'                                  |                   ********************************************************************                |                         '
'                                  |                   *                    1: Precedent                                  *                |                         '
'                                  |                   *                    0: Quitter                                    *                |                         '
'                                  |                   *                                                                  *                |                         '
'                                  |                   ********************************************************************                |                         '
'                                  |                                                                                                       |                         '
'                                  |                                                                                                       |                         '
'                                  ---------------------------------------------------------------------------------------------------------                         '
Enter option 0-1: 1
ancien   1 : select case '&selection.'
nouveau   1 : select case '1'

SCRIPT                                                                                                                                                                                                                                                                                                      
---------------------                                                                                                                                                                                                                                                                                       
PLSQL/Besoin/home.sql                                                                                                                                                                                                                                                                                       


'                                  ---------------------------------------------------------------------------------------------------------                         '
'                                  |                                                                                                       |                         '
'                                  |                                                                                                       |                         '
'                                  |                                          Please make a selection:                                     |                         '
'                                  |                   ********************************************************************                |                         '
'                                  |                   *                                                                  *                |                         '
'                                  |                   *                    1: Liste de mes besoins                       *                |                         '
'                                  |                   *                    2: Ajouter un besoin                          *                |                         '
'                                  |                   *                    3: Modifier un besoin                         *                |                         '
'                                  |                   *                    4: Suprimer un besoin                         *                |                         '
'                                  |                   *                    5: Publier un besion                          *                |                         '
'                                  |                   *                    6: Precedent                                  *                |                         '
'                                  |                   *                     0: Quitter                                   *                |                         '
'                                  |                   *                                                                  *                |                         '
'                                  |                   ********************************************************************                |                         '
'                                  |                                                                                                       |                         '
'                                  |                                                                                                       |                         '
'                                  |--------------------------------------------------------------------------------------------------------                         '
Enter option 0-6: 2
ancien   1 : select case '&selection.'
nouveau   1 : select case '2'

SCRIPT                                                                                                                                                                                                                                                                                                      
----------------------------                                                                                                                                                                                                                                                                                
FEATURES/besoin/New.sql                                                                                                                                                                                                                                                                                     

Entrez une valeur pour paiement_par : MOIS
ancien   2 : v_paiment_par     varchar(50) := UPPER('&paiement_par');
nouveau   2 : v_paiment_par     varchar(50) := UPPER('MOIS');
Entrez une valeur pour localisation : DOUALA
ancien   3 : v_localisation    varchar(50) := '&Localisation';
nouveau   3 : v_localisation    varchar(50) := 'DOUALA';
Entrez une valeur pour secteur : ALKSDVNsd*^vdvn*dvnd
ancien   6 : VALUES (besion_sequence.NEXTVAL, v_paiment_par , v_localisation, (select user_id from utilisateurs where email = '&Votre_adresse_mail'), UPPER(SUBSTR('&secteur',1,5)));
nouveau   6 : VALUES (besion_sequence.NEXTVAL, v_paiment_par , v_localisation, (select user_id from utilisateurs where email = 'sanguojoseph5@gmail.com'), UPPER(SUBSTR('ALKSDVNsd*^vdvn*dvnd',1,5)));
DECLARE
*
ERREUR à la ligne 1 :
ORA-02291: violation de contrainte d'intégrité (SYSTEM.SECTEUR_ID_FK) - clé parent introuvable 
ORA-06512: à ligne 5 


'                                  ---------------------------------------------------------------------------------------------------------                         '
'                                  |                                                                                                       |                         '
'                                  |                                                                                                       |                         '
'                                  |                                         Please make a selection:                                      |                         '
'                                  |                   ********************************************************************                |                         '
'                                  |                   *                    1: Precedent                                  *                |                         '
'                                  |                   *                    0: Quitter                                    *                |                         '
'                                  |                   *                                                                  *                |                         '
'                                  |                   ********************************************************************                |                         '
'                                  |                                                                                                       |                         '
'                                  |                                                                                                       |                         '
'                                  ---------------------------------------------------------------------------------------------------------                         '
Enter option 0-1: 1
ancien   1 : select case '&selection.'
nouveau   1 : select case '1'

SCRIPT                                                                                                                                                                                                                                                                                                      
---------------------                                                                                                                                                                                                                                                                                       
PLSQL/Besoin/home.sql                                                                                                                                                                                                                                                                                       


'                                  ---------------------------------------------------------------------------------------------------------                         '
'                                  |                                                                                                       |                         '
'                                  |                                                                                                       |                         '
'                                  |                                          Please make a selection:                                     |                         '
'                                  |                   ********************************************************************                |                         '
'                                  |                   *                                                                  *                |                         '
'                                  |                   *                    1: Liste de mes besoins                       *                |                         '
'                                  |                   *                    2: Ajouter un besoin                          *                |                         '
'                                  |                   *                    3: Modifier un besoin                         *                |                         '
'                                  |                   *                    4: Suprimer un besoin                         *                |                         '
'                                  |                   *                    5: Publier un besion                          *                |                         '
'                                  |                   *                    6: Precedent                                  *                |                         '
'                                  |                   *                     0: Quitter                                   *                |                         '
'                                  |                   *                                                                  *                |                         '
'                                  |                   ********************************************************************                |                         '
'                                  |                                                                                                       |                         '
'                                  |                                                                                                       |                         '
'                                  |--------------------------------------------------------------------------------------------------------                         '
Enter option 0-6: 3
ancien   1 : select case '&selection.'
nouveau   1 : select case '3'

SCRIPT                                                                                                                                                                                                                                                                                                      
----------------------------                                                                                                                                                                                                                                                                                
FEATURES/besoin/Mod.sql                                                                                                                                                                                                                                                                                     

"modification d'un secteur"
Entrez une valeur pour valeur : cfaefefe
ancien   2 : v_valeur        varchar(50)  := '&valeur';
nouveau   2 : v_valeur        varchar(50)  := 'cfaefefe';
Entrez une valeur pour proprieter_a_modifier : 
ancien   3 : v_modifier      varchar(50)  := &proprieter_a_modifier;
nouveau   3 : v_modifier      varchar(50)  := ;
Entrez une valeur pour nom_du_secteur_lie_au_besion : 
ancien   4 : v_nom_secteur   varchar(50)  := '&Nom_du_secteur_lie_au_besion';
nouveau   4 : v_nom_secteur   varchar(50)  := '';
ancien   5 : v_mail          varchar(50)  := '&Votre_adresse_mail';
nouveau   5 : v_mail          varchar(50)  := 'sanguojoseph5@gmail.com';
v_modifier      varchar(50)  := ;
                                *
ERREUR à la ligne 3 :
ORA-06550: Ligne 3, colonne 33 : 
PLS-00103: Symbole ";" rencontré à la place d'un des symboles suivants : 
( - + case mod new not null <identificateur> 
<identificateur entre guillemets> <variable attachée> 
continue avg count current exists max min prior sql stddev 
sum variance execute forall merge standard time timestamp 
interval date 
<un littéral de chaîne avec spécification de jeu de caractères> 
<un nombre> <une chaîne SQL entre apostrophes> pipe 
<constante de chaîne éventuellement entre guillemets avec 


  1  DECLARE
  2  v_valeur        varchar(50)  := '&valeur';
  3  v_modifier      varchar(50)  := &proprieter_a_modifier;
  4  v_nom_secteur   varchar(50)  := '&Nom_du_secteur_lie_au_besion';
  5  v_mail          varchar(50)  := '&Votre_adresse_mail';
  6  begin
  7  UPDATE besoins
  8  set v_modifier = v_valeur
  9  WHERE ( secteur_id = UPPER(SUBSTR(v_nom_secteur,1,5))
 10  AND (user_id = (select user_id from utilisateurs where email = v_mail)));
 11* end;
SP2-0042: commande inconnue "end" - reste de la ligne ignoré.
Entrez une valeur pour valeur : 
ancien   2 : v_valeur        varchar(50)  := '&valeur';
nouveau   2 : v_valeur        varchar(50)  := '';
Entrez une valeur pour proprieter_a_modifier : 
ancien   3 : v_modifier      varchar(50)  := &proprieter_a_modifier;
nouveau   3 : v_modifier      varchar(50)  := ;
Entrez une valeur pour nom_du_secteur_lie_au_besion : 
ancien   4 : v_nom_secteur   varchar(50)  := '&Nom_du_secteur_lie_au_besion';
nouveau   4 : v_nom_secteur   varchar(50)  := '';
ancien   5 : v_mail          varchar(50)  := '&Votre_adresse_mail';
nouveau   5 : v_mail          varchar(50)  := 'sanguojoseph5@gmail.com';
v_modifier      varchar(50)  := ;
                                *
ERREUR à la ligne 3 :
ORA-06550: Ligne 3, colonne 33 : 
PLS-00103: Symbole ";" rencontré à la place d'un des symboles suivants : 
( - + case mod new not null <identificateur> 
<identificateur entre guillemets> <variable attachée> 
continue avg count current exists max min prior sql stddev 
sum variance execute forall merge standard time timestamp 
interval date 
<un littéral de chaîne avec spécification de jeu de caractères> 
<un nombre> <une chaîne SQL entre apostrophes> pipe 
<constante de chaîne éventuellement entre guillemets avec 


SP2-0309: imbrication des procédures de commandes SQL*Plus d'une profondeur de 20.
SP2-0042: commande inconnue "on.sql" - reste de la ligne ignoré.
